::View not found: intro - _views/commands-intro.erb [C:/Code/github/Static-CMS/_views/commands-intro.erb]
type NUL > C:/Code/github/Static-CMS/_views/commands-intro.erb
::View not found: main - _views/commands-main.erb [C:/Code/github/Static-CMS/_views/commands-main.erb]
type NUL > C:/Code/github/Static-CMS/_views/commands-main.erb
::View not found: intro - _views/commands-intro.erb [C:/Code/github/Static-CMS/_views/commands-intro.erb]
type NUL > C:/Code/github/Static-CMS/_views/commands-intro.erb
::View not found: main - _views/commands-main.erb [C:/Code/github/Static-CMS/_views/commands-main.erb]
type NUL > C:/Code/github/Static-CMS/_views/commands-main.erb
::View not found: intro - _views/commands-intro.erb [C:/Code/github/Static-CMS/_views/commands-intro.erb]
type NUL > C:/Code/github/Static-CMS/_views/commands-intro.erb
::View not found: main - _views/commands-main.erb [C:/Code/github/Static-CMS/_views/commands-main.erb]
type NUL > C:/Code/github/Static-CMS/_views/commands-main.erb
::View not found: intro - _views/commands-intro.erb [C:/Code/github/Static-CMS/_views/commands-intro.erb]
type NUL > C:/Code/github/Static-CMS/_views/commands-intro.erb
::View not found: main - _views/commands-main.erb [C:/Code/github/Static-CMS/_views/commands-main.erb]
type NUL > C:/Code/github/Static-CMS/_views/commands-main.erb
::View not found: intro - _views/commands-intro.erb [C:/Code/github/Static-CMS/_views/commands-intro.erb]
type NUL > C:/Code/github/Static-CMS/_views/commands-intro.erb
::View not found: main - _views/commands-main.erb [C:/Code/github/Static-CMS/_views/commands-main.erb]
type NUL > C:/Code/github/Static-CMS/_views/commands-main.erb
::View not found: intro - _views/commands-intro.erb [C:/Code/github/Static-CMS/_views/commands-intro.erb]
type NUL > C:/Code/github/Static-CMS/_views/commands-intro.erb
::View not found: main - _views/commands-main.erb [C:/Code/github/Static-CMS/_views/commands-main.erb]
type NUL > C:/Code/github/Static-CMS/_views/commands-main.erb
::View not found: intro - _views/commands-intro.erb [C:/Code/github/Static-CMS/_views/commands-intro.erb]
type NUL > C:/Code/github/Static-CMS/_views/commands-intro.erb
::View not found: main - _views/commands-main.erb [C:/Code/github/Static-CMS/_views/commands-main.erb]
type NUL > C:/Code/github/Static-CMS/_views/commands-main.erb
::Asset file doesn't exists: _source/scripts/base.js
type NUL > C:/Code/github/Static-CMS/_source/scripts/base.js
::Asset file doesn't exists: _source/stylesheets/base.css
type NUL > C:/Code/github/Static-CMS/_source/stylesheets/base.css
::View not found: intro - _views/commands-intro.erb [C:/Code/github/Static-CMS/_views/commands-intro.erb]
type NUL > C:/Code/github/Static-CMS/_views/commands-intro.erb
::View not found: main - _views/commands-main.erb [C:/Code/github/Static-CMS/_views/commands-main.erb]
type NUL > C:/Code/github/Static-CMS/_views/commands-main.erb
::Asset file doesn't exists: _source/scripts/base.js
type NUL > C:/Code/github/Static-CMS/_source/scripts/base.js
::Asset file doesn't exists: _source/stylesheets/base.css
type NUL > C:/Code/github/Static-CMS/_source/stylesheets/base.css
::View not found: intro - _views/commands-intro.erb [C:/Code/github/Static-CMS/_views/commands-intro.erb]
type NUL > C:/Code/github/Static-CMS/_views/commands-intro.erb
::View not found: main - _views/commands-main.erb [C:/Code/github/Static-CMS/_views/commands-main.erb]
type NUL > C:/Code/github/Static-CMS/_views/commands-main.erb
::View not found: intro - _views/commands-intro.erb [C:/Code/github/Static-CMS/_views/commands-intro.erb]
type NUL > C:/Code/github/Static-CMS/_views/commands-intro.erb
::View not found: main - _views/commands-main.erb [C:/Code/github/Static-CMS/_views/commands-main.erb]
type NUL > C:/Code/github/Static-CMS/_views/commands-main.erb
::View not found: intro - _views/commands-intro.erb [C:/Code/github/Static-CMS/_views/commands-intro.erb]
type NUL > C:/Code/github/Static-CMS/_views/commands-intro.erb
::View not found: main - _views/commands-main.erb [C:/Code/github/Static-CMS/_views/commands-main.erb]
type NUL > C:/Code/github/Static-CMS/_views/commands-main.erb
::View not found: intro - _views/commands-intro.erb [C:/Code/github/Static-CMS/_views/commands-intro.erb]
type NUL > C:/Code/github/Static-CMS/_views/commands-intro.erb
::View not found: main - _views/commands-main.erb [C:/Code/github/Static-CMS/_views/commands-main.erb]
type NUL > C:/Code/github/Static-CMS/_views/commands-main.erb
::View not found: intro - _views/commands-intro.erb [C:/Code/github/Static-CMS/_views/commands-intro.erb]
type NUL > C:/Code/github/Static-CMS/_views/commands-intro.erb
::View not found: main - _views/commands-main.erb [C:/Code/github/Static-CMS/_views/commands-main.erb]
type NUL > C:/Code/github/Static-CMS/_views/commands-main.erb
::View not found: intro - _views/commands-intro.erb [C:/Code/github/Static-CMS/_views/commands-intro.erb]
type NUL > C:/Code/github/Static-CMS/_views/commands-intro.erb
::View not found: main - _views/commands-main.erb [C:/Code/github/Static-CMS/_views/commands-main.erb]
type NUL > C:/Code/github/Static-CMS/_views/commands-main.erb
::View not found: intro - _views/commands-intro.erb [C:/Code/github/Static-CMS/_views/commands-intro.erb]
type NUL > C:/Code/github/Static-CMS/_views/commands-intro.erb
::View not found: main - _views/commands-main.erb [C:/Code/github/Static-CMS/_views/commands-main.erb]
type NUL > C:/Code/github/Static-CMS/_views/commands-main.erb
::View not found: intro - _views/commands-intro.erb [C:/Code/github/Static-CMS/_views/commands-intro.erb]
type NUL > C:/Code/github/Static-CMS/_views/commands-intro.erb
::View not found: main - _views/commands-main.erb [C:/Code/github/Static-CMS/_views/commands-main.erb]
type NUL > C:/Code/github/Static-CMS/_views/commands-main.erb
::View not found: intro - _views/commands-intro.erb [C:/Code/github/Static-CMS/_views/commands-intro.erb]
type NUL > C:/Code/github/Static-CMS/_views/commands-intro.erb
::View not found: main - _views/commands-main.erb [C:/Code/github/Static-CMS/_views/commands-main.erb]
type NUL > C:/Code/github/Static-CMS/_views/commands-main.erb
::View not found: intro - _views/commands-intro.erb [C:/Code/github/Static-CMS/_views/commands-intro.erb]
type NUL > C:/Code/github/Static-CMS/_views/commands-intro.erb
::View not found: main - _views/commands-main.erb [C:/Code/github/Static-CMS/_views/commands-main.erb]
type NUL > C:/Code/github/Static-CMS/_views/commands-main.erb
::View not found: intro - _views/commands-intro.erb [C:/Code/github/Static-CMS/_views/commands-intro.erb]
type NUL > C:/Code/github/Static-CMS/_views/commands-intro.erb
::View not found: main - _views/commands-main.erb [C:/Code/github/Static-CMS/_views/commands-main.erb]
type NUL > C:/Code/github/Static-CMS/_views/commands-main.erb
::View not found: intro - _views/commands-intro.erb [C:/Code/github/Static-CMS/_views/commands-intro.erb]
type NUL > C:/Code/github/Static-CMS/_views/commands-intro.erb
::View not found: main - _views/commands-main.erb [C:/Code/github/Static-CMS/_views/commands-main.erb]
type NUL > C:/Code/github/Static-CMS/_views/commands-main.erb
::View not found: intro - _views/commands-intro.erb [C:/Code/github/Static-CMS/_views/commands-intro.erb]
type NUL > C:/Code/github/Static-CMS/_views/commands-intro.erb
::View not found: main - _views/commands-main.erb [C:/Code/github/Static-CMS/_views/commands-main.erb]
type NUL > C:/Code/github/Static-CMS/_views/commands-main.erb
::View not found: intro - _views/commands-intro.erb [C:/Code/github/Static-CMS/_views/commands-intro.erb]
type NUL > C:/Code/github/Static-CMS/_views/commands-intro.erb
::View not found: main - _views/commands-main.erb [C:/Code/github/Static-CMS/_views/commands-main.erb]
type NUL > C:/Code/github/Static-CMS/_views/commands-main.erb
::View not found: intro - _views/commands-intro.erb [C:/Code/github/Static-CMS/_views/commands-intro.erb]
type NUL > C:/Code/github/Static-CMS/_views/commands-intro.erb
::View not found: main - _views/commands-main.erb [C:/Code/github/Static-CMS/_views/commands-main.erb]
type NUL > C:/Code/github/Static-CMS/_views/commands-main.erb
::View not found: intro - _views/commands-intro.erb [C:/Code/github/Static-CMS/_views/commands-intro.erb]
type NUL > C:/Code/github/Static-CMS/_views/commands-intro.erb
::View not found: main - _views/commands-main.erb [C:/Code/github/Static-CMS/_views/commands-main.erb]
type NUL > C:/Code/github/Static-CMS/_views/commands-main.erb
::View not found: intro - _views/commands-intro.erb [C:/Code/github/Static-CMS/_views/commands-intro.erb]
type NUL > C:/Code/github/Static-CMS/_views/commands-intro.erb
::View not found: main - _views/commands-main.erb [C:/Code/github/Static-CMS/_views/commands-main.erb]
type NUL > C:/Code/github/Static-CMS/_views/commands-main.erb
::View not found: intro - _views/commands-intro.erb [C:/Code/github/Static-CMS/_views/commands-intro.erb]
type NUL > C:/Code/github/Static-CMS/_views/commands-intro.erb
::View not found: main - _views/commands-main.erb [C:/Code/github/Static-CMS/_views/commands-main.erb]
type NUL > C:/Code/github/Static-CMS/_views/commands-main.erb
::View not found: intro - _views/commands-intro.erb [C:/Code/github/Static-CMS/_views/commands-intro.erb]
type NUL > C:/Code/github/Static-CMS/_views/commands-intro.erb
::View not found: main - _views/commands-main.erb [C:/Code/github/Static-CMS/_views/commands-main.erb]
type NUL > C:/Code/github/Static-CMS/_views/commands-main.erb
::View not found: intro - _views/commands-intro.erb [C:/Code/github/Static-CMS/_views/commands-intro.erb]
type NUL > C:/Code/github/Static-CMS/_views/commands-intro.erb
::View not found: main - _views/commands-main.erb [C:/Code/github/Static-CMS/_views/commands-main.erb]
type NUL > C:/Code/github/Static-CMS/_views/commands-main.erb
::View not found: intro - _views/commands-intro.erb [C:/Code/github/Static-CMS/_views/commands-intro.erb]
type NUL > C:/Code/github/Static-CMS/_views/commands-intro.erb
::View not found: main - _views/commands-main.erb [C:/Code/github/Static-CMS/_views/commands-main.erb]
type NUL > C:/Code/github/Static-CMS/_views/commands-main.erb
::View not found: intro - _views/commands-intro.erb [C:/Code/github/Static-CMS/_views/commands-intro.erb]
type NUL > C:/Code/github/Static-CMS/_views/commands-intro.erb
::View not found: main - _views/commands-main.erb [C:/Code/github/Static-CMS/_views/commands-main.erb]
type NUL > C:/Code/github/Static-CMS/_views/commands-main.erb
::View not found: intro - _views/commands-intro.erb [C:/Code/github/Static-CMS/_views/commands-intro.erb]
type NUL > C:/Code/github/Static-CMS/_views/commands-intro.erb
::View not found: main - _views/commands-main.erb [C:/Code/github/Static-CMS/_views/commands-main.erb]
type NUL > C:/Code/github/Static-CMS/_views/commands-main.erb
::View not found: intro - _views/commands-intro.erb [C:/Code/github/Static-CMS/_views/commands-intro.erb]
type NUL > C:/Code/github/Static-CMS/_views/commands-intro.erb
::View not found: main - _views/commands-main.erb [C:/Code/github/Static-CMS/_views/commands-main.erb]
type NUL > C:/Code/github/Static-CMS/_views/commands-main.erb
::View not found: intro - _views/commands-intro.erb [C:/Code/github/Static-CMS/_views/commands-intro.erb]
type NUL > C:/Code/github/Static-CMS/_views/commands-intro.erb
::View not found: main - _views/commands-main.erb [C:/Code/github/Static-CMS/_views/commands-main.erb]
type NUL > C:/Code/github/Static-CMS/_views/commands-main.erb
::View not found: intro - _views/commands-intro.erb [C:/Code/github/Static-CMS/_views/commands-intro.erb]
type NUL > C:/Code/github/Static-CMS/_views/commands-intro.erb
::View not found: main - _views/commands-main.erb [C:/Code/github/Static-CMS/_views/commands-main.erb]
type NUL > C:/Code/github/Static-CMS/_views/commands-main.erb
::View not found: intro - _views/commands-intro.erb [C:/Code/github/Static-CMS/_views/commands-intro.erb]
type NUL > C:/Code/github/Static-CMS/_views/commands-intro.erb
::View not found: main - _views/commands-main.erb [C:/Code/github/Static-CMS/_views/commands-main.erb]
type NUL > C:/Code/github/Static-CMS/_views/commands-main.erb
::View not found: intro - _views/commands-intro.erb [C:/Code/github/Static-CMS/_views/commands-intro.erb]
type NUL > C:/Code/github/Static-CMS/_views/commands-intro.erb
::View not found: main - _views/commands-main.erb [C:/Code/github/Static-CMS/_views/commands-main.erb]
type NUL > C:/Code/github/Static-CMS/_views/commands-main.erb
::Resource not found _resources/index.yml
type NUL > C:/Code/github/Static-CMS/_resources/index.yml
::Resource not found _resources/prerequisites.yml
type NUL > C:/Code/github/Static-CMS/_resources/prerequisites.yml
::Resource not found _resources/index.yml
type NUL > C:/Code/github/Static-CMS/_resources/index.yml
::Resource not found _resources/prerequisites.yml
type NUL > C:/Code/github/Static-CMS/_resources/prerequisites.yml
::Resource not found _resources/index.yml
type NUL > C:/Code/github/Static-CMS/_resources/index.yml
::Resource not found _resources/prerequisites.yml
type NUL > C:/Code/github/Static-CMS/_resources/prerequisites.yml
::Resource not found _resources/index.yml
type NUL > C:/Code/github/Static-CMS/_resources/index.yml
::Resource not found _resources/prerequisites.yml
type NUL > C:/Code/github/Static-CMS/_resources/prerequisites.yml
::Resource not found _resources/index.yml
type NUL > C:/Code/github/Static-CMS/_resources/index.yml
::Resource not found _resources/prerequisites.yml
type NUL > C:/Code/github/Static-CMS/_resources/prerequisites.yml
::Resource not found _resources/index.yml
type NUL > C:/Code/github/Static-CMS/_resources/index.yml
::Resource not found _resources/prerequisites.yml
type NUL > C:/Code/github/Static-CMS/_resources/prerequisites.yml
::Resource not found _resources/index.yml
type NUL > C:/Code/github/Static-CMS/_resources/index.yml
::Resource not found _resources/prerequisites.yml
type NUL > C:/Code/github/Static-CMS/_resources/prerequisites.yml
::Resource not found _resources/index.yml
type NUL > C:/Code/github/Static-CMS/_resources/index.yml
::Resource not found _resources/prerequisites.yml
type NUL > C:/Code/github/Static-CMS/_resources/prerequisites.yml
::Resource not found _resources/index.yml
type NUL > C:/Code/github/Static-CMS/_resources/index.yml
::Resource not found _resources/prerequisites.yml
type NUL > C:/Code/github/Static-CMS/_resources/prerequisites.yml
::Resource not found _resources/index.yml
type NUL > C:/Code/github/Static-CMS/_resources/index.yml
::Resource not found _resources/prerequisites.yml
type NUL > C:/Code/github/Static-CMS/_resources/prerequisites.yml
::Resource not found _resources/index.yml
type NUL > C:/Code/github/Static-CMS/_resources/index.yml
::Resource not found _resources/prerequisites.yml
type NUL > C:/Code/github/Static-CMS/_resources/prerequisites.yml
::Resource not found _resources/index.yml
type NUL > C:/Code/github/Static-CMS/_resources/index.yml
::Resource not found _resources/prerequisites.yml
type NUL > C:/Code/github/Static-CMS/_resources/prerequisites.yml
::Resource not found _resources/index.yml
type NUL > C:/Code/github/Static-CMS/_resources/index.yml
::Resource not found _resources/prerequisites.yml
type NUL > C:/Code/github/Static-CMS/_resources/prerequisites.yml
::Resource not found _resources/index.yml
type NUL > C:/Code/github/Static-CMS/_resources/index.yml
::Resource not found _resources/prerequisites.yml
type NUL > C:/Code/github/Static-CMS/_resources/prerequisites.yml
::Resource not found _resources/index.yml
type NUL > C:/Code/github/Static-CMS/_resources/index.yml
::Resource not found _resources/prerequisites.yml
type NUL > C:/Code/github/Static-CMS/_resources/prerequisites.yml
::Resource not found _resources/index.yml
type NUL > C:/Code/github/Static-CMS/_resources/index.yml
::Resource not found _resources/prerequisites.yml
type NUL > C:/Code/github/Static-CMS/_resources/prerequisites.yml
